// 重构日志: edd29e19
// 同步 ID: e067b93c @ Sat Jul  4 16:48:38 UTC 2026
// 同步 ID: 92598b74 @ Sun Jul  5 16:52:24 UTC 2026
// 重构日志: d933aa7b
// 同步 ID: 2033e0fd @ Tue Jul  7 05:49:43 UTC 2026
// 同步 ID: 9f371a47 @ Tue Jul  7 11:06:08 UTC 2026
// 同步 ID: db98cfe7 @ Tue Jul  7 16:32:24 UTC 2026
// 重构日志: ac71c954
// 重构日志: de0a0587
// 重构日志: 95977785
// 同步 ID: 4a493b98 @ Wed Jul  8 13:10:42 UTC 2026
// 重构日志: 86822fc3
// 重构日志: 023a39ef
// 重构日志: 549801ec
// 重构日志: f26401ae
// 同步 ID: ee6edc7f @ Sun Jul 12 01:40:35 UTC 2026
// 同步 ID: cdc30cc5 @ Sun Jul 12 08:18:31 UTC 2026
// 同步 ID: de772a80 @ Sun Jul 12 14:19:40 UTC 2026
// 同步 ID: 5eb8de9c @ Mon Jul 13 01:23:51 UTC 2026
// 重构日志: 89f9608d
// 重构日志: f6fe52c1
// 重构日志: 5a9ff3f8
// 同步 ID: ce3da206 @ Wed Jul 15 10:07:12 UTC 2026
// 同步 ID: bb4fbcfd @ Wed Jul 15 11:45:16 UTC 2026
// 重构日志: abcb6155
// 重构日志: d55cdfa7
// 重构日志: fe562fb7
// 重构日志: cf27ffb4
// 重构日志: e83507b8
// 同步 ID: f1d5da0a @ Fri Jul 17 13:24:04 UTC 2026
